[debug] [2024-12-22T16:15:57.605Z] ----------------------------------------------------------------------
[debug] [2024-12-22T16:15:57.611Z] Command:       C:\Program Files\nodejs\node.exe C:\Users\Florencia\AppData\Roaming\npm\node_modules\firebase-tools\lib\bin\firebase.js deploy
[debug] [2024-12-22T16:15:57.611Z] CLI Version:   13.29.1
[debug] [2024-12-22T16:15:57.612Z] Platform:      win32
[debug] [2024-12-22T16:15:57.612Z] Node Version:  v22.12.0
[debug] [2024-12-22T16:15:57.613Z] Time:          Sun Dec 22 2024 13:15:57 GMT-0300 (hora estándar de Argentina)
[debug] [2024-12-22T16:15:57.613Z] ----------------------------------------------------------------------
[debug] 
[debug] [2024-12-22T16:15:57.802Z] > command requires scopes: ["email","openid","https://www.googleapis.com/auth/cloudplatformprojects.readonly","https://www.googleapis.com/auth/firebase","https://www.googleapis.com/auth/cloud-platform"]
[debug] [2024-12-22T16:15:57.803Z] > authorizing via signed-in user (florfuentes45@gmail.com)
[debug] [2024-12-22T16:15:57.803Z] [iam] checking project florencia-fuentes for permissions ["firebase.projects.get","firebasehosting.sites.update"]
[debug] [2024-12-22T16:15:57.806Z] Checked if tokens are valid: true, expires at: 1734885510544
[debug] [2024-12-22T16:15:57.806Z] Checked if tokens are valid: true, expires at: 1734885510544
[debug] [2024-12-22T16:15:57.809Z] >>> [apiv2][query] POST https://cloudresourcemanager.googleapis.com/v1/projects/florencia-fuentes:testIamPermissions [none]
[debug] [2024-12-22T16:15:57.810Z] >>> [apiv2][(partial)header] POST https://cloudresourcemanager.googleapis.com/v1/projects/florencia-fuentes:testIamPermissions x-goog-quota-user=projects/florencia-fuentes
[debug] [2024-12-22T16:15:57.810Z] >>> [apiv2][body] POST https://cloudresourcemanager.googleapis.com/v1/projects/florencia-fuentes:testIamPermissions {"permissions":["firebase.projects.get","firebasehosting.sites.update"]}
[debug] [2024-12-22T16:16:19.144Z] *** [apiv2] error from fetch(https://cloudresourcemanager.googleapis.com/v1/projects/florencia-fuentes:testIamPermissions, {"headers":{},"method":"POST","body":"{\"permissions\":[\"firebase.projects.get\",\"firebasehosting.sites.update\"]}"}): FetchError: request to https://cloudresourcemanager.googleapis.com/v1/projects/florencia-fuentes:testIamPermissions failed, reason: connect ETIMEDOUT 2800:3f0:4002:810::200a:443
[debug] [2024-12-22T16:16:19.146Z] [iam] error while checking permissions, command may fail: Failed to make request to https://cloudresourcemanager.googleapis.com/v1/projects/florencia-fuentes:testIamPermissions
[debug] [2024-12-22T16:16:19.148Z] Checked if tokens are valid: true, expires at: 1734885510544
[debug] [2024-12-22T16:16:19.149Z] Checked if tokens are valid: true, expires at: 1734885510544
[debug] [2024-12-22T16:16:19.150Z] >>> [apiv2][query] GET https://firebase.googleapis.com/v1beta1/projects/florencia-fuentes [none]
[debug] [2024-12-22T16:16:40.304Z] *** [apiv2] error from fetch(https://firebase.googleapis.com/v1beta1/projects/florencia-fuentes, {"headers":{},"method":"GET","signal":{}}): FetchError: request to https://firebase.googleapis.com/v1beta1/projects/florencia-fuentes failed, reason: connect ETIMEDOUT 2800:3f0:4002:80a::200a:443
[debug] [2024-12-22T16:16:40.306Z] Failed to make request to https://firebase.googleapis.com/v1beta1/projects/florencia-fuentes (original: request to https://firebase.googleapis.com/v1beta1/projects/florencia-fuentes failed, reason: connect ETIMEDOUT 2800:3f0:4002:80a::200a:443)
[error] 
[error] Error: Assertion failed: resolving hosting target of a site with no site name or target name. This should have caused an error earlier
[debug] [2024-12-22T16:20:44.332Z] ----------------------------------------------------------------------
[debug] [2024-12-22T16:20:44.339Z] Command:       C:\Program Files\nodejs\node.exe C:\Users\Florencia\AppData\Roaming\npm\node_modules\firebase-tools\lib\bin\firebase.js deploy
[debug] [2024-12-22T16:20:44.340Z] CLI Version:   13.29.1
[debug] [2024-12-22T16:20:44.340Z] Platform:      win32
[debug] [2024-12-22T16:20:44.340Z] Node Version:  v22.12.0
[debug] [2024-12-22T16:20:44.341Z] Time:          Sun Dec 22 2024 13:20:44 GMT-0300 (hora estándar de Argentina)
[debug] [2024-12-22T16:20:44.341Z] ----------------------------------------------------------------------
[debug] 
[debug] [2024-12-22T16:20:44.529Z] > command requires scopes: ["email","openid","https://www.googleapis.com/auth/cloudplatformprojects.readonly","https://www.googleapis.com/auth/firebase","https://www.googleapis.com/auth/cloud-platform"]
[debug] [2024-12-22T16:20:44.530Z] > authorizing via signed-in user (florfuentes45@gmail.com)
[debug] [2024-12-22T16:20:44.530Z] [iam] checking project florencia-fuentes for permissions ["firebase.projects.get","firebasehosting.sites.update"]
[debug] [2024-12-22T16:20:44.533Z] Checked if tokens are valid: true, expires at: 1734885510544
[debug] [2024-12-22T16:20:44.533Z] Checked if tokens are valid: true, expires at: 1734885510544
[debug] [2024-12-22T16:20:44.560Z] >>> [apiv2][query] POST https://cloudresourcemanager.googleapis.com/v1/projects/florencia-fuentes:testIamPermissions [none]
[debug] [2024-12-22T16:20:44.560Z] >>> [apiv2][(partial)header] POST https://cloudresourcemanager.googleapis.com/v1/projects/florencia-fuentes:testIamPermissions x-goog-quota-user=projects/florencia-fuentes
[debug] [2024-12-22T16:20:44.561Z] >>> [apiv2][body] POST https://cloudresourcemanager.googleapis.com/v1/projects/florencia-fuentes:testIamPermissions {"permissions":["firebase.projects.get","firebasehosting.sites.update"]}
[debug] [2024-12-22T16:21:05.985Z] *** [apiv2] error from fetch(https://cloudresourcemanager.googleapis.com/v1/projects/florencia-fuentes:testIamPermissions, {"headers":{},"method":"POST","body":"{\"permissions\":[\"firebase.projects.get\",\"firebasehosting.sites.update\"]}"}): FetchError: request to https://cloudresourcemanager.googleapis.com/v1/projects/florencia-fuentes:testIamPermissions failed, reason: connect ETIMEDOUT 2800:3f0:4002:80d::200a:443
[debug] [2024-12-22T16:21:05.986Z] [iam] error while checking permissions, command may fail: Failed to make request to https://cloudresourcemanager.googleapis.com/v1/projects/florencia-fuentes:testIamPermissions
[debug] [2024-12-22T16:21:05.989Z] Checked if tokens are valid: true, expires at: 1734885510544
[debug] [2024-12-22T16:21:05.990Z] Checked if tokens are valid: true, expires at: 1734885510544
[debug] [2024-12-22T16:21:05.995Z] >>> [apiv2][query] GET https://firebase.googleapis.com/v1beta1/projects/florencia-fuentes [none]
[debug] [2024-12-22T16:21:27.227Z] *** [apiv2] error from fetch(https://firebase.googleapis.com/v1beta1/projects/florencia-fuentes, {"headers":{},"method":"GET","signal":{}}): FetchError: request to https://firebase.googleapis.com/v1beta1/projects/florencia-fuentes failed, reason: connect ETIMEDOUT 2800:3f0:4002:80c::200a:443
[debug] [2024-12-22T16:21:27.228Z] Failed to make request to https://firebase.googleapis.com/v1beta1/projects/florencia-fuentes (original: request to https://firebase.googleapis.com/v1beta1/projects/florencia-fuentes failed, reason: connect ETIMEDOUT 2800:3f0:4002:80c::200a:443)
[error] 
[error] Error: Assertion failed: resolving hosting target of a site with no site name or target name. This should have caused an error earlier
